<?xml version="1.0" encoding="UTF-8"?>
<coverage generated="1638117984176" clover="3.2.0">
  <project timestamp="1638117984176" name="All files">
    <metrics statements="26" coveredstatements="22" conditionals="1" coveredconditionals="0" methods="7" coveredmethods="6" elements="34" coveredelements="28" complexity="0" loc="26" ncloc="26" packages="2" files="2" classes="2"/>
    <package name="back">
      <metrics statements="18" coveredstatements="15" conditionals="0" coveredconditionals="0" methods="6" coveredmethods="5"/>
      <file name="server.ts" path="/home/alstrasz/Documents/nodejs-angular-quickstart/back/server.ts">
        <metrics statements="18" coveredstatements="15" conditionals="0" coveredconditionals="0" methods="6" coveredmethods="5"/>
        <line num="1" count="1" type="stmt"/>
        <line num="2" count="1" type="stmt"/>
        <line num="15" count="1" type="stmt"/>
        <line num="23" count="1" type="stmt"/>
        <line num="24" count="1" type="stmt"/>
        <line num="33" count="1" type="stmt"/>
        <line num="34" count="1" type="stmt"/>
        <line num="36" count="1" type="stmt"/>
        <line num="38" count="1" type="stmt"/>
        <line num="46" count="1" type="stmt"/>
        <line num="47" count="0" type="stmt"/>
        <line num="48" count="0" type="stmt"/>
        <line num="49" count="0" type="stmt"/>
        <line num="52" count="1" type="stmt"/>
        <line num="53" count="1" type="stmt"/>
        <line num="54" count="1" type="stmt"/>
        <line num="55" count="1" type="stmt"/>
        <line num="64" count="1" type="stmt"/>
      </file>
    </package>
    <package name="back.test.helpers">
      <metrics statements="8" coveredstatements="7" conditionals="1" coveredconditionals="0" methods="1" coveredmethods="1"/>
      <file name="integration-helpers.ts" path="/home/alstrasz/Documents/nodejs-angular-quickstart/back/test/helpers/integration-helpers.ts">
        <metrics statements="8" coveredstatements="7" conditionals="1" coveredconditionals="0" methods="1" coveredmethods="1"/>
        <line num="2" count="1" type="stmt"/>
        <line num="10" count="1" type="stmt"/>
        <line num="20" count="1" type="cond" truecount="0" falsecount="1"/>
        <line num="21" count="0" type="stmt"/>
        <line num="23" count="1" type="stmt"/>
        <line num="24" count="1" type="stmt"/>
        <line num="25" count="1" type="stmt"/>
        <line num="26" count="1" type="stmt"/>
      </file>
    </package>
  </project>
</coverage>
