{"/home/al-w/projects/nodejs-angular-quickstart/back/server.ts": {"path":"/home/al-w/projects/nodejs-angular-quickstart/back/server.ts","statementMap":{"0":{"start":{"line":1,"column":0},"end":{"line":1,"column":35}},"1":{"start":{"line":2,"column":0},"end":{"line":2,"column":24}},"2":{"start":{"line":23,"column":25},"end":{"line":23,"column":52}},"3":{"start":{"line":24,"column":8},"end":{"line":24,"column":37}},"4":{"start":{"line":33,"column":8},"end":{"line":33,"column":39}},"5":{"start":{"line":34,"column":8},"end":{"line":34,"column":75}},"6":{"start":{"line":36,"column":8},"end":{"line":36,"column":30}},"7":{"start":{"line":38,"column":8},"end":{"line":38,"column":20}},"8":{"start":{"line":46,"column":8},"end":{"line":50,"column":12}},"9":{"start":{"line":47,"column":12},"end":{"line":47,"column":47}},"10":{"start":{"line":48,"column":12},"end":{"line":48,"column":72}},"11":{"start":{"line":49,"column":12},"end":{"line":49,"column":22}},"12":{"start":{"line":52,"column":8},"end":{"line":56,"column":12}},"13":{"start":{"line":53,"column":12},"end":{"line":53,"column":47}},"14":{"start":{"line":54,"column":12},"end":{"line":54,"column":36}},"15":{"start":{"line":55,"column":12},"end":{"line":55,"column":22}},"16":{"start":{"line":64,"column":8},"end":{"line":64,"column":60}},"17":{"start":{"line":15,"column":0},"end":{"line":15,"column":13}}},"fnMap":{"0":{"name":"(anonymous_7)","decl":{"start":{"line":23,"column":4},"end":{"line":23,"column":25}},"loc":{"start":{"line":23,"column":52},"end":{"line":25,"column":5}}},"1":{"name":"(anonymous_8)","decl":{"start":{"line":32,"column":4},"end":{"line":32,"column":8}},"loc":{"start":{"line":32,"column":8},"end":{"line":39,"column":5}}},"2":{"name":"(anonymous_9)","decl":{"start":{"line":45,"column":4},"end":{"line":45,"column":18}},"loc":{"start":{"line":45,"column":18},"end":{"line":57,"column":5}}},"3":{"name":"(anonymous_10)","decl":{"start":{"line":46,"column":27},"end":{"line":46,"column":29}},"loc":{"start":{"line":46,"column":42},"end":{"line":50,"column":9}}},"4":{"name":"(anonymous_11)","decl":{"start":{"line":52,"column":41},"end":{"line":52,"column":43}},"loc":{"start":{"line":52,"column":56},"end":{"line":56,"column":9}}},"5":{"name":"(anonymous_12)","decl":{"start":{"line":63,"column":4},"end":{"line":63,"column":10}},"loc":{"start":{"line":63,"column":10},"end":{"line":65,"column":5}}}},"branchMap":{},"s":{"0":1,"1":1,"2":1,"3":1,"4":1,"5":1,"6":1,"7":1,"8":1,"9":0,"10":0,"11":0,"12":1,"13":1,"14":1,"15":1,"16":1,"17":1},"f":{"0":1,"1":1,"2":1,"3":0,"4":1,"5":1},"b":{}}
,"/home/al-w/projects/nodejs-angular-quickstart/back/test/helpers/integration-helpers.ts": {"path":"/home/al-w/projects/nodejs-angular-quickstart/back/test/helpers/integration-helpers.ts","statementMap":{"0":{"start":{"line":2,"column":0},"end":{"line":2,"column":43}},"1":{"start":{"line":20,"column":8},"end":{"line":22,"column":null}},"2":{"start":{"line":21,"column":12},"end":{"line":21,"column":36}},"3":{"start":{"line":23,"column":33},"end":{"line":23,"column":83}},"4":{"start":{"line":24,"column":8},"end":{"line":24,"column":28}},"5":{"start":{"line":25,"column":8},"end":{"line":25,"column":35}},"6":{"start":{"line":26,"column":8},"end":{"line":26,"column":32}},"7":{"start":{"line":10,"column":0},"end":{"line":10,"column":21}}},"fnMap":{"0":{"name":"(anonymous_0)","decl":{"start":{"line":19,"column":11},"end":{"line":19,"column":17}},"loc":{"start":{"line":19,"column":30},"end":{"line":27,"column":5}}}},"branchMap":{"0":{"loc":{"start":{"line":20,"column":8},"end":{"line":22,"column":null}},"type":"if","locations":[{"start":{"line":20,"column":8},"end":{"line":22,"column":null}}]}},"s":{"0":1,"1":1,"2":0,"3":1,"4":1,"5":1,"6":1,"7":1},"f":{"0":1},"b":{"0":[0]}}
}
