TN:
SF:back/server.ts
FN:23,(anonymous_7)
FN:32,(anonymous_8)
FN:45,(anonymous_9)
FN:46,(anonymous_10)
FN:52,(anonymous_11)
FN:63,(anonymous_12)
FNF:6
FNH:5
FNDA:1,(anonymous_7)
FNDA:1,(anonymous_8)
FNDA:1,(anonymous_9)
FNDA:0,(anonymous_10)
FNDA:1,(anonymous_11)
FNDA:1,(anonymous_12)
DA:1,1
DA:2,1
DA:15,1
DA:23,1
DA:24,1
DA:33,1
DA:34,1
DA:36,1
DA:38,1
DA:46,1
DA:47,0
DA:48,0
DA:49,0
DA:52,1
DA:53,1
DA:54,1
DA:55,1
DA:64,1
LF:18
LH:15
BRF:0
BRH:0
end_of_record
TN:
SF:back/test/helpers/integration-helpers.ts
FN:19,(anonymous_0)
FNF:1
FNH:1
FNDA:1,(anonymous_0)
DA:2,1
DA:10,1
DA:20,1
DA:21,0
DA:23,1
DA:24,1
DA:25,1
DA:26,1
LF:8
LH:7
BRDA:20,0,0,0
BRF:1
BRH:0
end_of_record
